Arguments: 
  /usr/local/lib/nodejs/node-v14.2.0-linux-x64/bin/node /usr/local/lib/nodejs/node-v14.2.0-linux-x64/bin/yarn init

PATH: 
  /usr/local/lib/nodejs/node-v14.2.0-linux-x64/bin:/home/nbl7/.local/bin:/usr/local/lib/nodejs/node-v14.2.0-linux-x64/bin:/usr/local/lib/nodejs/node-v14.2.0-linux-x64/bin:/usr/local/lib/nodejs/node-v14.2.0-linux-x64/bin:/home/nbl7/.local/bin:/usr/local/sbin:/usr/local/bin:/usr/sbin:/usr/bin:/sbin:/bin:/usr/games:/usr/local/games:/snap/bin:/home/nbl7/.fzf/bin

Yarn version: 
  1.22.10

Node version: 
  14.2.0

Platform: 
  linux x64

Trace: 
  Error: canceled
      at Interface.<anonymous> (/usr/local/lib/nodejs/node-v14.2.0-linux-x64/lib/node_modules/yarn/lib/cli.js:136216:13)
      at Interface.emit (events.js:315:20)
      at Interface._ttyWrite (readline.js:873:16)
      at ReadStream.onkeypress (readline.js:213:10)
      at ReadStream.emit (events.js:315:20)
      at emitKeys (internal/readline/utils.js:335:14)
      at emitKeys.next (<anonymous>)
      at ReadStream.onData (readline.js:1140:36)
      at ReadStream.emit (events.js:315:20)
      at addChunk (_stream_readable.js:302:12)

npm manifest: 
  {
  	"name": "urn-cli",
  	"version": "0.0.0",
  	"description": "Uranio Command Line Interface",
  	"main": "dist/index.js",
  	"types": "dist/index.d.ts",
  	"scripts": {
  		"build": "tsc -b",
  		"init": "./node_modules/.bin/tsc-watch --onSuccess \"node -r source-map-support/register ./dist/index.js init -v\"",
  		"transpose": "./node_modules/.bin/tsc-watch --onSuccess \"node -r source-map-support/register ./dist/index.js transpose -v\"",
  		"help": "./node_modules/.bin/tsc-watch --onSuccess \"node -r source-map-support/register ./dist/index.js -h\"",
  		"test": "./node_modules/.bin/tsc-watch --onSuccess \"node -r source-map-support/register ./dist/index.js test -vbf --noblank\"",
  		"version": "./node_modules/.bin/tsc-watch --onSuccess \"node -r source-map-support/register ./dist/index.js -v\"",
  		"dev": "./node_modules/.bin/tsc-watch --onSuccess \"node -r source-map-support/register ./dist/index.js dev\"",
  		"run": "./node_modules/.bin/tsc-watch --onSuccess \"node -r source-map-support/register ./dist/test.js\""
  	},
  	"repository": {
  		"type": "git",
  		"url": "git+ssh://git@bitbucket.org/nbl7/urn-cli.git"
  	},
  	"keywords": [
  		"uranio",
  		"urn"
  	],
  	"author": "Andrea Reni <mail@nbl7.net>",
  	"license": "ISC",
  	"homepage": "https://bitbucket.org/nbl7/urn-cli#readme",
  	"devDependencies": {
  		"@types/inquirer": "^7.3.1",
  		"@types/minimist": "^1.2.1",
  		"@types/prettier": "^2.2.2",
  		"urn-dev": "git+ssh://git@bitbucket.org/nbl7/urn-dev.git"
  	},
  	"dependencies": {
  		"chalk": "^4.1.0",
  		"dateformat": "^4.5.1",
  		"inquirer": "^8.0.0",
  		"minimist": "^1.2.5",
  		"ora": "^5.3.0",
  		"prettier": "^2.2.1",
  		"ts-morph": "^10.0.1",
  		"urn-lib": "bitbucket:nbl7/urn-lib"
  	},
  	"bin": {
  		"uranio": "dist/sh.js"
  	}
  }

yarn manifest: 
  No manifest

Lockfile: 
  No lockfile
